<?xml version="1.0" encoding="UTF-8"?>
<!-- Generated by org.testng.reporters.JUnitReportReporter -->
<testsuite hostname="DESKTOP-B1VCB9L" failures="0" tests="1" name="cdac.dockerselenium.LoginTest" time="19.378" errors="0" timestamp="19 Aug 2025 16:38:38 GMT" skipped="0">
  <testcase classname="cdac.dockerselenium.LoginTest" name="loginWithValidUser" time="19.378"/>
</testsuite> <!-- cdac.dockerselenium.LoginTest -->
